[2015-01-22 14:11:48] START
[2015-01-22 14:17:40] CREATE default/lightbox.html: 0
[2015-01-22 14:18:09] EDIT Frick/controllers/default.py: 1
[2015-01-22 14:18:16] EDIT Frick/controllers/default.py: 1
[2015-01-22 14:23:34] EDIT Frick/views/default/lightbox.html: 1
[2015-01-22 14:23:49] EDIT Frick/views/default/lightbox.html: -1
[2015-01-22 14:23:53] EDIT Frick/views/default/lightbox.html: -1
[2015-01-22 14:25:05] EDIT Frick/views/default/lightbox.html: 0
[2015-01-22 14:47:04] EDIT Frick/views/default/lightbox.html: 6
[2015-01-22 14:47:11] EDIT Frick/views/default/lightbox.html: 0
[2015-01-22 14:48:14] EDIT Frick/views/default/lightbox.html: 1
[2015-01-22 14:51:56] EDIT Frick/views/default/lightbox.html: -4
[2015-01-22 14:52:44] EDIT Frick/views/default/lightbox.html: 6
[2015-01-22 14:53:14] EDIT Frick/views/default/lightbox.html: 0
[2015-01-22 14:54:16] EDIT Frick/views/default/lightbox.html: 1
[2015-01-22 14:54:41] EDIT Frick/views/default/lightbox.html: 0
[2015-01-22 15:30:52] EDIT Frick/views/default/lightbox.html: 6
[2015-01-22 15:34:55] EDIT Frick/views/default/lightbox.html: 4
[2015-01-22 15:34:56] EDIT Frick/views/default/lightbox.html: 0
[2015-01-22 15:35:20] EDIT Frick/views/default/lightbox.html: 1
[2015-01-22 15:35:20] EDIT Frick/views/default/lightbox.html: 0
[2015-01-22 15:35:49] EDIT Frick/views/default/lightbox.html: -6
[2015-01-22 15:35:51] EDIT Frick/views/default/lightbox.html: 0
[2015-01-22 15:36:18] EDIT Frick/views/default/lightbox.html: 0
[2015-01-22 15:36:33] EDIT Frick/views/default/lightbox.html: 0
[2015-01-22 15:37:13] EDIT Frick/views/default/lightbox.html: 0
[2015-01-22 15:40:03] EDIT Frick/views/default/lightbox.html: -5
[2015-01-22 15:40:04] EDIT Frick/views/default/lightbox.html: 0
[2015-01-22 15:40:19] EDIT Frick/views/default/lightbox.html: 5
[2015-01-22 15:43:36] EDIT Frick/views/default/lightbox.html: 0
[2015-01-22 15:44:20] EDIT Frick/views/default/lightbox.html: 2
[2015-01-22 15:44:26] EDIT Frick/views/default/lightbox.html: 0
[2015-01-22 15:44:50] EDIT Frick/views/default/lightbox.html: 1
[2015-01-22 15:44:56] EDIT Frick/views/default/lightbox.html: 1
[2015-01-22 15:45:00] EDIT Frick/views/default/lightbox.html: 0
[2015-01-22 15:45:10] EDIT Frick/views/default/lightbox.html: 0
[2015-01-22 15:45:12] EDIT Frick/views/default/lightbox.html: 0
[2015-01-22 15:47:04] EDIT Frick/views/default/lightbox.html: 1
[2015-01-22 15:47:22] EDIT Frick/views/default/lightbox.html: 1
[2015-01-22 15:51:28] EDIT Frick/views/default/lightbox.html: 0
[2015-01-22 15:52:25] EDIT Frick/views/default/lightbox.html: 1
[2015-01-22 15:55:10] EDIT Frick/views/default/lightbox.html: 4
[2015-01-22 15:58:00] EDIT Frick/views/default/lightbox.html: 0
[2015-01-22 16:30:22] EDIT Frick/views/default/lightbox.html: 0
[2015-01-22 16:32:36] EDIT Frick/views/default/lightbox.html: 4
[2015-01-22 16:33:02] EDIT Frick/views/default/lightbox.html: 1
[2015-01-22 16:33:24] EDIT Frick/views/default/lightbox.html: 3
[2015-01-22 16:33:34] EDIT Frick/views/default/lightbox.html: 0
[2015-01-22 16:33:35] EDIT Frick/views/default/lightbox.html: 0
[2015-01-22 16:34:09] EDIT Frick/views/default/lightbox.html: -9
[2015-01-22 16:37:09] EDIT Frick/views/default/lightbox.html: 0
[2015-01-22 16:37:28] EDIT Frick/views/default/lightbox.html: 0
[2015-01-22 16:38:21] EDIT Frick/views/default/lightbox.html: 0
[2015-01-22 16:38:38] EDIT Frick/views/default/lightbox.html: 0
[2015-01-22 16:41:26] EDIT Frick/views/default/lightbox.html: 0
[2015-01-22 16:42:00] EDIT Frick/views/default/lightbox.html: 0
[2015-01-22 16:43:44] EDIT Frick/views/default/lightbox.html: 0
[2015-01-22 16:45:56] EDIT Frick/views/default/lightbox.html: 2
[2015-01-22 16:46:19] EDIT Frick/views/default/lightbox.html: 0
[2015-01-22 16:46:36] EDIT Frick/views/default/lightbox.html: -2
[2015-01-22 16:46:55] EDIT Frick/views/default/lightbox.html: 0
[2015-01-22 16:48:25] EDIT Frick/views/default/lightbox.html: 0
[2015-01-22 16:48:53] EDIT Frick/views/default/lightbox.html: 0
[2015-01-22 16:49:22] EDIT Frick/views/default/lightbox.html: 0
[2015-01-22 16:49:51] EDIT Frick/views/default/lightbox.html: 0
[2015-01-22 16:50:04] EDIT Frick/views/default/lightbox.html: 0
[2015-01-22 16:50:19] EDIT Frick/views/default/lightbox.html: 0
[2015-01-22 16:50:34] EDIT Frick/views/default/lightbox.html: 0
[2015-01-22 16:53:14] EDIT Frick/views/default/lightbox.html: 3
[2015-01-22 16:53:23] EDIT Frick/views/default/lightbox.html: -1
[2015-01-22 16:53:25] EDIT Frick/views/default/lightbox.html: 1
[2015-01-22 16:54:17] EDIT Frick/views/default/lightbox.html: 0
[2015-01-22 16:54:19] EDIT Frick/views/default/lightbox.html: 0
[2015-01-22 16:54:38] EDIT Frick/views/default/lightbox.html: 1
[2015-01-22 16:54:40] EDIT Frick/views/default/lightbox.html: -1
[2015-01-22 16:54:46] EDIT Frick/views/default/lightbox.html: 0
[2015-01-22 16:55:00] EDIT Frick/views/default/lightbox.html: 1
[2015-01-22 16:55:02] EDIT Frick/views/default/lightbox.html: 0
[2015-01-22 16:55:10] EDIT Frick/views/default/lightbox.html: 0
[2015-01-22 16:56:50] EDIT Frick/views/default/lightbox.html: 0
[2015-01-22 16:57:02] EDIT Frick/views/default/lightbox.html: 2
[2015-01-22 16:57:19] EDIT Frick/views/default/lightbox.html: 1
[2015-01-22 16:57:29] EDIT Frick/views/default/lightbox.html: 0
[2015-01-22 17:03:05] EDIT Frick/views/default/lightbox.html: 26
[2015-01-22 17:08:10] EDIT Frick/views/default/lightbox.html: -26
[2015-01-22 17:16:29] EDIT Frick/views/default/lightbox.html: 23
[2015-01-22 17:19:04] EDIT Frick/views/default/lightbox.html: -1
[2015-01-22 17:19:27] EDIT Frick/views/default/lightbox.html: 0
[2015-01-22 17:19:39] EDIT Frick/views/default/lightbox.html: 0
[2015-01-22 17:20:17] EDIT Frick/views/default/lightbox.html: 1
[2015-01-22 17:21:25] EDIT Frick/views/default/lightbox.html: 0
[2015-01-22 17:21:41] EDIT Frick/views/default/lightbox.html: 0
[2015-01-22 17:22:03] EDIT Frick/views/default/lightbox.html: 0
[2015-01-22 17:22:09] EDIT Frick/views/default/lightbox.html: 0
[2015-01-22 17:22:29] EDIT Frick/views/default/lightbox.html: 0
[2015-01-22 17:22:34] EDIT Frick/views/default/lightbox.html: -2
[2015-01-22 17:22:36] EDIT Frick/views/default/lightbox.html: 0
[2015-01-22 17:25:27] EDIT Frick/views/default/lightbox.html: 0
[2015-01-22 17:59:50] EDIT Frick/views/default/lightbox.html: 0
[2015-01-22 18:01:32] EDIT Frick/views/default/lightbox.html: 0
[2015-01-22 18:02:30] EDIT Frick/views/default/lightbox.html: 0
[2015-01-22 18:05:22] EDIT Frick/views/default/lightbox.html: 3
[2015-01-22 18:05:29] EDIT Frick/views/default/lightbox.html: 0
[2015-01-22 18:05:42] EDIT Frick/views/default/lightbox.html: 1
[2015-01-22 18:05:47] EDIT Frick/views/default/lightbox.html: 1
[2015-01-22 18:05:49] EDIT Frick/views/default/lightbox.html: 0
[2015-01-22 18:05:50] EDIT Frick/views/default/lightbox.html: 0
[2015-01-22 18:06:11] EDIT Frick/views/default/lightbox.html: 2
[2015-01-22 18:06:45] EDIT Frick/views/default/lightbox.html: 2
[2015-01-22 18:06:52] EDIT Frick/views/default/lightbox.html: 1
[2015-01-22 18:07:09] EDIT Frick/views/default/lightbox.html: 2
[2015-01-22 18:08:35] EDIT Frick/views/default/lightbox.html: 1
[2015-01-22 18:08:37] EDIT Frick/views/default/lightbox.html: 0
[2015-01-22 18:08:53] EDIT Frick/views/default/lightbox.html: 0
[2015-01-22 18:08:57] EDIT Frick/views/default/lightbox.html: 0
[2015-01-22 18:09:26] EDIT Frick/views/default/lightbox.html: 1
[2015-01-22 18:10:10] EDIT Frick/views/default/lightbox.html: 0
[2015-01-22 18:10:18] EDIT Frick/views/default/lightbox.html: 0
[2015-01-22 18:10:22] EDIT Frick/views/default/lightbox.html: 0
[2015-01-22 19:17:59] EDIT Frick/views/default/lightbox.html: 0
[2015-01-22 19:18:26] EDIT Frick/views/default/lightbox.html: 0
[2015-01-22 19:19:07] EDIT Frick/views/default/lightbox.html: 0
[2015-01-22 19:19:10] EDIT Frick/views/default/lightbox.html: 0
[2015-01-22 19:19:23] EDIT Frick/views/default/lightbox.html: 0
[2015-01-22 19:19:29] EDIT Frick/views/default/lightbox.html: 0
[2015-01-22 19:19:48] EDIT Frick/views/default/lightbox.html: 0
[2015-01-22 19:19:52] EDIT Frick/views/default/lightbox.html: 0
[2015-01-22 19:22:31] EDIT Frick/views/default/lightbox.html: 1
[2015-01-22 19:24:37] EDIT Frick/views/default/lightbox.html: 0
[2015-01-22 19:24:57] EDIT Frick/views/default/lightbox.html: 0
[2015-01-22 19:25:14] EDIT Frick/views/default/lightbox.html: 1
[2015-01-22 19:25:25] EDIT Frick/views/default/lightbox.html: 0
[2015-01-22 19:25:28] EDIT Frick/views/default/lightbox.html: 0
[2015-01-22 19:25:37] EDIT Frick/views/default/lightbox.html: 0
[2015-01-22 19:33:22] EDIT Frick/views/default/lightbox.html: 0
[2015-01-22 19:33:25] EDIT Frick/views/default/lightbox.html: 0
[2015-01-22 19:39:03] EDIT Frick/views/default/lightbox.html: 1
[2015-01-22 19:39:12] EDIT Frick/views/default/lightbox.html: 1
[2015-01-22 19:39:22] EDIT Frick/views/default/lightbox.html: 1
[2015-01-22 19:39:25] EDIT Frick/views/default/lightbox.html: 1
[2015-01-22 19:39:36] EDIT Frick/views/default/lightbox.html: 2
[2015-01-22 19:40:01] EDIT Frick/views/default/lightbox.html: 0
[2015-01-22 19:40:47] EDIT Frick/views/default/lightbox.html: 1
[2015-01-22 19:42:00] EDIT Frick/views/default/lightbox.html: 0
[2015-01-22 19:42:15] EDIT Frick/views/default/lightbox.html: 1
[2015-01-22 19:42:35] EDIT Frick/views/default/lightbox.html: 0
[2015-01-22 19:42:38] EDIT Frick/views/default/lightbox.html: 0
[2015-01-22 19:42:40] EDIT Frick/views/default/lightbox.html: 0
[2015-01-22 19:42:55] EDIT Frick/views/default/lightbox.html: 0
[2015-01-22 19:42:58] EDIT Frick/views/default/lightbox.html: 0
[2015-01-22 19:45:53] EDIT Frick/views/default/lightbox.html: 1
[2015-01-22 19:46:25] EDIT Frick/views/default/lightbox.html: 0
[2015-01-22 19:46:32] EDIT Frick/views/default/lightbox.html: -1
[2015-01-22 19:46:33] EDIT Frick/views/default/lightbox.html: 0
[2015-01-22 19:47:26] EDIT Frick/views/default/lightbox.html: 7
[2015-01-22 20:39:08] EDIT Frick/views/default/lightbox.html: 1
[2015-01-22 20:58:01] EDIT Frick/views/default/lightbox.html: 0
[2015-01-22 20:58:03] EDIT Frick/views/default/lightbox.html: 0
[2015-01-22 21:59:44] EDIT Frick/views/default/lightbox.html: 1
[2015-01-22 22:00:26] EDIT Frick/views/default/lightbox.html: 0
[2015-01-22 22:01:04] EDIT Frick/views/default/lightbox.html: 3
[2015-01-22 22:01:06] EDIT Frick/views/default/lightbox.html: 0
[2015-01-22 22:09:31] EDIT Frick/views/default/lightbox.html: 1
[2015-01-22 22:09:34] EDIT Frick/views/default/lightbox.html: 2
[2015-01-22 22:09:37] EDIT Frick/views/default/lightbox.html: 0
[2015-01-22 22:09:48] EDIT Frick/views/default/lightbox.html: 1
[2015-01-22 22:09:52] EDIT Frick/views/default/lightbox.html: 1
[2015-01-22 22:11:32] EDIT Frick/views/default/lightbox.html: 4
[2015-01-22 22:12:39] EDIT Frick/views/default/lightbox.html: 1
[2015-01-22 22:12:42] EDIT Frick/views/default/lightbox.html: 2
[2015-01-22 22:15:27] EDIT Frick/views/default/lightbox.html: 1
[2015-01-22 22:15:36] EDIT Frick/views/default/lightbox.html: 1
[2015-01-22 22:15:44] EDIT Frick/views/default/lightbox.html: -5
[2015-01-22 22:18:12] EDIT Frick/views/default/lightbox.html: 7
[2015-01-22 22:18:19] EDIT Frick/views/default/lightbox.html: 1
[2015-01-22 22:18:24] EDIT Frick/views/default/lightbox.html: 0
[2015-01-22 22:18:41] EDIT Frick/views/default/lightbox.html: 1
[2015-01-22 22:19:09] EDIT Frick/views/default/lightbox.html: 0
[2015-01-22 22:19:48] EDIT Frick/views/default/lightbox.html: 1
[2015-01-22 22:20:25] EDIT Frick/views/default/lightbox.html: -5
[2015-01-22 22:21:25] EDIT Frick/views/default/lightbox.html: 3
[2015-01-22 22:21:39] EDIT Frick/views/default/lightbox.html: 1
[2015-01-22 22:21:42] EDIT Frick/views/default/lightbox.html: 1
[2015-01-22 22:24:15] EDIT Frick/views/default/lightbox.html: 2
[2015-01-22 22:24:38] EDIT Frick/views/default/lightbox.html: 2
[2015-01-22 22:24:49] EDIT Frick/views/default/lightbox.html: 1
[2015-01-22 22:24:51] EDIT Frick/views/default/lightbox.html: 0
[2015-01-22 22:25:18] EDIT Frick/views/default/lightbox.html: 0
[2015-01-22 22:28:00] EDIT Frick/views/default/lightbox.html: 1
[2015-01-22 22:29:47] EDIT Frick/views/default/lightbox.html: 0
[2015-01-22 22:30:11] EDIT Frick/views/default/lightbox.html: 0
[2015-01-22 22:30:21] EDIT Frick/views/default/lightbox.html: 0
[2015-01-23 11:32:22] EDIT Frick/views/default/lightbox.html: 1
[2015-01-23 11:35:26] EDIT Frick/views/default/lightbox.html: 0
[2015-01-23 11:35:51] EDIT Frick/views/default/lightbox.html: 0
[2015-01-23 11:36:11] EDIT Frick/views/default/lightbox.html: 0
[2015-01-23 11:36:25] EDIT Frick/views/default/lightbox.html: 0
[2015-01-23 11:36:29] EDIT Frick/views/default/lightbox.html: 0
[2015-01-23 11:36:46] EDIT Frick/views/default/lightbox.html: 0
[2015-01-23 11:58:42] EDIT Frick/views/default/lightbox.html: 0
[2015-01-23 11:59:01] EDIT Frick/views/default/lightbox.html: 0
[2015-01-23 15:26:51] EDIT Frick/views/default/lightbox.html: 1
[2015-01-23 15:26:58] EDIT Frick/views/default/lightbox.html: 0
[2015-01-23 15:27:00] EDIT Frick/views/default/lightbox.html: 0
[2015-01-25 14:14:26] EDIT Frick/views/default/lightbox.html: 0
[2015-01-25 14:15:09] EDIT Frick/views/default/lightbox.html: 0
[2015-01-25 14:15:42] EDIT Frick/views/default/lightbox.html: 0
[2015-01-25 14:16:15] EDIT Frick/views/default/lightbox.html: 0
[2015-01-25 14:16:46] EDIT Frick/views/default/lightbox.html: 0
[2015-01-25 14:17:00] EDIT Frick/views/default/lightbox.html: 0
[2015-01-25 14:17:20] EDIT Frick/views/default/lightbox.html: 0
[2015-01-25 14:17:31] EDIT Frick/views/default/lightbox.html: 0
[2015-01-25 14:39:24] EDIT Frick/views/default/lightbox.html: 1
[2015-01-25 14:41:42] EDIT Frick/views/default/lightbox.html: 0
[2015-01-25 14:41:51] EDIT Frick/views/default/lightbox.html: 1
[2015-01-25 14:42:14] EDIT Frick/views/default/lightbox.html: 0
[2015-01-25 14:42:19] EDIT Frick/views/default/lightbox.html: 2
[2015-01-25 14:44:17] EDIT Frick/views/default/lightbox.html: 2
[2015-01-25 14:44:22] EDIT Frick/views/default/lightbox.html: 3
[2015-01-25 14:45:00] EDIT Frick/views/default/lightbox.html: 2
[2015-01-25 14:47:05] EDIT Frick/views/default/lightbox.html: 1
[2015-01-25 14:47:57] EDIT Frick/views/default/lightbox.html: 0
[2015-01-25 14:48:17] EDIT Frick/views/default/lightbox.html: 0
[2015-01-25 14:48:19] EDIT Frick/views/default/lightbox.html: 0
[2015-01-25 15:00:38] EDIT Frick/views/default/lightbox.html: 0
[2015-01-25 15:00:51] EDIT Frick/views/default/lightbox.html: 2
[2015-01-25 15:05:10] EDIT Frick/views/default/lightbox.html: 0
[2015-01-25 15:05:21] EDIT Frick/views/default/lightbox.html: 0
[2015-01-25 15:05:26] EDIT Frick/views/default/lightbox.html: 0
[2015-01-25 15:06:43] EDIT Frick/views/default/lightbox.html: 0
[2015-01-25 15:06:44] EDIT Frick/views/default/lightbox.html: 0
[2015-01-25 15:19:49] EDIT Frick/views/default/lightbox.html: 1
[2015-01-25 15:20:02] EDIT Frick/views/default/lightbox.html: 0
[2015-01-25 15:38:40] EDIT Frick/views/default/lightbox.html: 0
[2015-01-25 15:39:40] EDIT Frick/views/default/lightbox.html: 6
[2015-01-25 15:40:14] EDIT Frick/views/default/lightbox.html: 0
[2015-01-25 15:40:31] EDIT Frick/views/default/lightbox.html: 0
[2015-01-25 15:40:41] EDIT Frick/views/default/lightbox.html: 1
[2015-01-25 15:56:14] EDIT Frick/views/default/lightbox.html: 1
[2015-01-25 15:56:29] EDIT Frick/views/default/lightbox.html: 0
[2015-01-25 16:25:44] EDIT Frick/views/default/lightbox.html: 3
[2015-01-25 16:27:14] EDIT Frick/views/default/lightbox.html: 5
[2015-01-25 16:27:16] EDIT Frick/views/default/lightbox.html: 0
[2015-01-25 16:28:15] EDIT Frick/views/default/lightbox.html: 1
[2015-01-25 16:28:25] EDIT Frick/views/default/lightbox.html: 0
[2015-01-25 16:28:31] EDIT Frick/views/default/lightbox.html: 0
[2015-01-25 16:29:19] EDIT Frick/views/default/lightbox.html: 0
[2015-01-25 16:29:33] EDIT Frick/views/default/lightbox.html: 0
[2015-01-25 16:29:38] EDIT Frick/views/default/lightbox.html: 0
[2015-01-25 16:30:02] EDIT Frick/views/default/lightbox.html: 0
[2015-01-25 16:30:25] EDIT Frick/views/default/lightbox.html: -1
[2015-01-25 18:15:29] EDIT Frick/views/default/lightbox.html: 3
[2015-01-25 18:16:04] EDIT Frick/views/default/lightbox.html: 1
[2015-01-25 18:16:22] EDIT Frick/views/default/lightbox.html: 0
[2015-01-25 18:16:41] EDIT Frick/views/default/lightbox.html: 0
[2015-01-25 18:16:54] EDIT Frick/views/default/lightbox.html: 1
[2015-01-25 18:17:50] EDIT Frick/views/default/lightbox.html: 1
[2015-01-25 18:50:40] EDIT Frick/views/default/lightbox.html: 1
[2015-01-25 18:50:41] EDIT Frick/views/default/lightbox.html: 0
[2015-01-25 18:50:51] EDIT Frick/views/default/lightbox.html: 0
[2015-01-25 18:50:57] EDIT Frick/views/default/lightbox.html: 0
[2015-01-25 19:21:30] EDIT Frick/views/default/lightbox.html: 1
[2015-01-25 19:21:46] EDIT Frick/views/default/lightbox.html: 1
[2015-01-25 19:22:02] EDIT Frick/views/default/lightbox.html: 3
[2015-01-25 19:23:46] EDIT Frick/views/default/lightbox.html: 1
[2015-01-25 19:23:51] EDIT Frick/views/default/lightbox.html: 3
[2015-01-25 19:23:52] EDIT Frick/views/default/lightbox.html: 0
[2015-01-25 19:24:18] EDIT Frick/views/default/lightbox.html: 3
[2015-01-25 21:13:00] EDIT Frick/views/default/lightbox.html: 0
[2015-01-25 21:42:15] EDIT Frick/views/default/lightbox.html: 1
[2015-01-25 21:43:00] EDIT Frick/views/default/lightbox.html: 1
[2015-01-25 21:52:13] EDIT Frick/views/default/lightbox.html: 6
[2015-01-25 21:52:18] EDIT Frick/views/default/lightbox.html: -1
[2015-01-25 21:52:28] EDIT Frick/views/default/lightbox.html: 0
[2015-01-25 21:56:11] EDIT Frick/views/default/lightbox.html: 0
[2015-01-25 21:56:18] EDIT Frick/views/default/lightbox.html: 0
[2015-01-25 21:56:43] EDIT Frick/views/default/lightbox.html: 1
[2015-01-25 21:58:07] EDIT Frick/views/default/lightbox.html: 1
[2015-01-25 21:58:18] EDIT Frick/views/default/lightbox.html: 1
[2015-01-25 21:58:40] EDIT Frick/views/default/lightbox.html: 0
[2015-01-25 21:59:01] EDIT Frick/views/default/lightbox.html: 1
[2015-01-25 21:59:45] EDIT Frick/views/default/lightbox.html: 3
[2015-01-25 21:59:53] EDIT Frick/views/default/lightbox.html: 3
[2015-01-25 21:59:57] EDIT Frick/views/default/lightbox.html: 1
[2015-01-25 22:00:02] EDIT Frick/views/default/lightbox.html: 0
[2015-01-25 22:00:06] EDIT Frick/views/default/lightbox.html: 0
[2015-01-25 22:00:34] EDIT Frick/views/default/lightbox.html: 0
[2015-01-25 22:01:54] EDIT Frick/views/default/lightbox.html: 3
[2015-01-25 22:02:12] EDIT Frick/views/default/lightbox.html: 1
[2015-01-25 22:03:52] EDIT Frick/views/default/lightbox.html: 1
[2015-01-25 22:04:02] EDIT Frick/views/default/lightbox.html: 0
[2015-01-25 22:04:58] EDIT Frick/views/default/lightbox.html: 3
[2015-01-25 22:05:00] EDIT Frick/views/default/lightbox.html: 0
[2015-01-25 22:06:31] EDIT Frick/views/default/lightbox.html: 1
[2015-01-25 22:06:55] EDIT Frick/views/default/lightbox.html: 2
[2015-01-25 22:07:27] EDIT Frick/views/default/lightbox.html: 0
[2015-01-25 22:07:53] EDIT Frick/views/default/lightbox.html: 0
